[0.041s] Invoking command in '/home/uc/ros2_humble_ws/src/navcancel/build/navcancel': CMAKE_PREFIX_PATH=${CMAKE_PREFIX_PATH}:/opt/ros/humble /usr/bin/cmake --build /home/uc/ros2_humble_ws/src/navcancel/build/navcancel -- -j4 -l4
[0.130s] [100%] Built target navcancel
[0.146s] Invoked command in '/home/uc/ros2_humble_ws/src/navcancel/build/navcancel' returned '0': CMAKE_PREFIX_PATH=${CMAKE_PREFIX_PATH}:/opt/ros/humble /usr/bin/cmake --build /home/uc/ros2_humble_ws/src/navcancel/build/navcancel -- -j4 -l4
[0.226s] Invoking command in '/home/uc/ros2_humble_ws/src/navcancel/build/navcancel': CMAKE_PREFIX_PATH=${CMAKE_PREFIX_PATH}:/opt/ros/humble /usr/bin/cmake --install /home/uc/ros2_humble_ws/src/navcancel/build/navcancel
[0.238s] -- Install configuration: ""
[0.239s] -- Up-to-date: /home/uc/ros2_humble_ws/src/navcancel/install/navcancel/lib/navcancel/navcancel
[0.240s] -- Up-to-date: /home/uc/ros2_humble_ws/src/navcancel/install/navcancel/share/ament_index/resource_index/package_run_dependencies/navcancel
[0.240s] -- Up-to-date: /home/uc/ros2_humble_ws/src/navcancel/install/navcancel/share/ament_index/resource_index/parent_prefix_path/navcancel
[0.240s] -- Up-to-date: /home/uc/ros2_humble_ws/src/navcancel/install/navcancel/share/navcancel/environment/ament_prefix_path.sh
[0.240s] -- Up-to-date: /home/uc/ros2_humble_ws/src/navcancel/install/navcancel/share/navcancel/environment/ament_prefix_path.dsv
[0.241s] -- Up-to-date: /home/uc/ros2_humble_ws/src/navcancel/install/navcancel/share/navcancel/environment/path.sh
[0.241s] -- Up-to-date: /home/uc/ros2_humble_ws/src/navcancel/install/navcancel/share/navcancel/environment/path.dsv
[0.242s] -- Up-to-date: /home/uc/ros2_humble_ws/src/navcancel/install/navcancel/share/navcancel/local_setup.bash
[0.245s] -- Up-to-date: /home/uc/ros2_humble_ws/src/navcancel/install/navcancel/share/navcancel/local_setup.sh
[0.245s] -- Up-to-date: /home/uc/ros2_humble_ws/src/navcancel/install/navcancel/share/navcancel/local_setup.zsh
[0.246s] -- Up-to-date: /home/uc/ros2_humble_ws/src/navcancel/install/navcancel/share/navcancel/local_setup.dsv
[0.246s] -- Installing: /home/uc/ros2_humble_ws/src/navcancel/install/navcancel/share/navcancel/package.dsv
[0.246s] -- Up-to-date: /home/uc/ros2_humble_ws/src/navcancel/install/navcancel/share/ament_index/resource_index/packages/navcancel
[0.247s] -- Up-to-date: /home/uc/ros2_humble_ws/src/navcancel/install/navcancel/share/navcancel/cmake/navcancelConfig.cmake
[0.247s] -- Up-to-date: /home/uc/ros2_humble_ws/src/navcancel/install/navcancel/share/navcancel/cmake/navcancelConfig-version.cmake
[0.247s] -- Up-to-date: /home/uc/ros2_humble_ws/src/navcancel/install/navcancel/share/navcancel/package.xml
[0.251s] Invoked command in '/home/uc/ros2_humble_ws/src/navcancel/build/navcancel' returned '0': CMAKE_PREFIX_PATH=${CMAKE_PREFIX_PATH}:/opt/ros/humble /usr/bin/cmake --install /home/uc/ros2_humble_ws/src/navcancel/build/navcancel
