[35m[1mConsolidate compiler generated dependencies of target navcancel[0m
[ 50%] [32mBuilding CXX object CMakeFiles/navcancel.dir/src/navcancel.cpp.o[0m
[100%] [32m[1mLinking CXX executable navcancel[0m
[100%] Built target navcancel
-- Install configuration: ""
-- Installing: /home/uc/ros2_humble_ws/src/navcancel/install/navcancel/lib/navcancel/navcancel
-- Set runtime path of "/home/uc/ros2_humble_ws/src/navcancel/install/navcancel/lib/navcancel/navcancel" to ""
-- Installing: /home/uc/ros2_humble_ws/src/navcancel/install/navcancel/share/ament_index/resource_index/package_run_dependencies/navcancel
-- Installing: /home/uc/ros2_humble_ws/src/navcancel/install/navcancel/share/ament_index/resource_index/parent_prefix_path/navcancel
-- Installing: /home/uc/ros2_humble_ws/src/navcancel/install/navcancel/share/navcancel/environment/ament_prefix_path.sh
-- Installing: /home/uc/ros2_humble_ws/src/navcancel/install/navcancel/share/navcancel/environment/ament_prefix_path.dsv
-- Installing: /home/uc/ros2_humble_ws/src/navcancel/install/navcancel/share/navcancel/environment/path.sh
-- Installing: /home/uc/ros2_humble_ws/src/navcancel/install/navcancel/share/navcancel/environment/path.dsv
-- Installing: /home/uc/ros2_humble_ws/src/navcancel/install/navcancel/share/navcancel/local_setup.bash
-- Installing: /home/uc/ros2_humble_ws/src/navcancel/install/navcancel/share/navcancel/local_setup.sh
-- Installing: /home/uc/ros2_humble_ws/src/navcancel/install/navcancel/share/navcancel/local_setup.zsh
-- Installing: /home/uc/ros2_humble_ws/src/navcancel/install/navcancel/share/navcancel/local_setup.dsv
-- Installing: /home/uc/ros2_humble_ws/src/navcancel/install/navcancel/share/navcancel/package.dsv
-- Installing: /home/uc/ros2_humble_ws/src/navcancel/install/navcancel/share/ament_index/resource_index/packages/navcancel
-- Installing: /home/uc/ros2_humble_ws/src/navcancel/install/navcancel/share/navcancel/cmake/navcancelConfig.cmake
-- Installing: /home/uc/ros2_humble_ws/src/navcancel/install/navcancel/share/navcancel/cmake/navcancelConfig-version.cmake
-- Installing: /home/uc/ros2_humble_ws/src/navcancel/install/navcancel/share/navcancel/package.xml
