[0.016s] Invoking command in '/home/uc/ros2_humble_ws/src/navcancel/build/navcancel': CMAKE_PREFIX_PATH=/opt/ros/humble /usr/bin/cmake --build /home/uc/ros2_humble_ws/src/navcancel/build/navcancel -- -j4 -l4
[0.066s] [35m[1mConsolidate compiler generated dependencies of target navcancel[0m
[0.089s] [ 50%] [32mBuilding CXX object CMakeFiles/navcancel.dir/src/navcancel.cpp.o[0m
[4.720s] [100%] [32m[1mLinking CXX executable navcancel[0m
[5.248s] [100%] Built target navcancel
[5.261s] Invoked command in '/home/uc/ros2_humble_ws/src/navcancel/build/navcancel' returned '0': CMAKE_PREFIX_PATH=/opt/ros/humble /usr/bin/cmake --build /home/uc/ros2_humble_ws/src/navcancel/build/navcancel -- -j4 -l4
[5.311s] Invoking command in '/home/uc/ros2_humble_ws/src/navcancel/build/navcancel': CMAKE_PREFIX_PATH=/opt/ros/humble /usr/bin/cmake --install /home/uc/ros2_humble_ws/src/navcancel/build/navcancel
[5.319s] -- Install configuration: ""
[5.320s] -- Installing: /home/uc/ros2_humble_ws/src/navcancel/install/navcancel/lib/navcancel/navcancel
[5.320s] -- Set runtime path of "/home/uc/ros2_humble_ws/src/navcancel/install/navcancel/lib/navcancel/navcancel" to ""
[5.321s] -- Installing: /home/uc/ros2_humble_ws/src/navcancel/install/navcancel/share/ament_index/resource_index/package_run_dependencies/navcancel
[5.321s] -- Installing: /home/uc/ros2_humble_ws/src/navcancel/install/navcancel/share/ament_index/resource_index/parent_prefix_path/navcancel
[5.322s] -- Installing: /home/uc/ros2_humble_ws/src/navcancel/install/navcancel/share/navcancel/environment/ament_prefix_path.sh
[5.322s] -- Installing: /home/uc/ros2_humble_ws/src/navcancel/install/navcancel/share/navcancel/environment/ament_prefix_path.dsv
[5.323s] -- Installing: /home/uc/ros2_humble_ws/src/navcancel/install/navcancel/share/navcancel/environment/path.sh
[5.323s] -- Installing: /home/uc/ros2_humble_ws/src/navcancel/install/navcancel/share/navcancel/environment/path.dsv
[5.323s] -- Installing: /home/uc/ros2_humble_ws/src/navcancel/install/navcancel/share/navcancel/local_setup.bash
[5.323s] -- Installing: /home/uc/ros2_humble_ws/src/navcancel/install/navcancel/share/navcancel/local_setup.sh
[5.323s] -- Installing: /home/uc/ros2_humble_ws/src/navcancel/install/navcancel/share/navcancel/local_setup.zsh
[5.323s] -- Installing: /home/uc/ros2_humble_ws/src/navcancel/install/navcancel/share/navcancel/local_setup.dsv
[5.323s] -- Installing: /home/uc/ros2_humble_ws/src/navcancel/install/navcancel/share/navcancel/package.dsv
[5.323s] -- Installing: /home/uc/ros2_humble_ws/src/navcancel/install/navcancel/share/ament_index/resource_index/packages/navcancel
[5.323s] -- Installing: /home/uc/ros2_humble_ws/src/navcancel/install/navcancel/share/navcancel/cmake/navcancelConfig.cmake
[5.323s] -- Installing: /home/uc/ros2_humble_ws/src/navcancel/install/navcancel/share/navcancel/cmake/navcancelConfig-version.cmake
[5.323s] -- Installing: /home/uc/ros2_humble_ws/src/navcancel/install/navcancel/share/navcancel/package.xml
[5.326s] Invoked command in '/home/uc/ros2_humble_ws/src/navcancel/build/navcancel' returned '0': CMAKE_PREFIX_PATH=/opt/ros/humble /usr/bin/cmake --install /home/uc/ros2_humble_ws/src/navcancel/build/navcancel
