[1.110s] DEBUG:colcon:Command line arguments: ['/usr/bin/colcon', 'build', '--packages-select', 'navcancel']
[1.110s] DEBUG:colcon:Parsed command line arguments: Namespace(log_base=None, log_level=None, verb_name='build', build_base='build', install_base='install', merge_install=False, symlink_install=False, test_result_base=None, continue_on_error=False, executor='parallel', parallel_workers=4, event_handlers=None, ignore_user_meta=False, metas=['./colcon.meta'], base_paths=['.'], packages_ignore=None, packages_ignore_regex=None, paths=None, packages_up_to=None, packages_up_to_regex=None, packages_above=None, packages_above_and_dependencies=None, packages_above_depth=None, packages_select_by_dep=None, packages_skip_by_dep=None, packages_skip_up_to=None, packages_select_build_failed=False, packages_skip_build_finished=False, packages_select_test_failures=False, packages_skip_test_passed=False, packages_select=['navcancel'], packages_skip=None, packages_select_regex=None, packages_skip_regex=None, packages_start=None, packages_end=None, allow_overriding=[], cmake_args=None, cmake_target=None, cmake_target_skip_unavailable=False, cmake_clean_cache=False, cmake_clean_first=False, cmake_force_configure=False, ament_cmake_args=None, catkin_cmake_args=None, catkin_skip_building_tests=False, verb_parser=<colcon_defaults.argument_parser.defaults.DefaultArgumentsDecorator object at 0x7f397d6a0400>, verb_extension=<colcon_core.verb.build.BuildVerb object at 0x7f397d7fe920>, main=<bound method BuildVerb.main of <colcon_core.verb.build.BuildVerb object at 0x7f397d7fe920>>)
[1.265s] Level 1:colcon.colcon_core.package_discovery:discover_packages(colcon_meta) check parameters
[1.265s] Level 1:colcon.colcon_core.package_discovery:discover_packages(recursive) check parameters
[1.265s] Level 1:colcon.colcon_core.package_discovery:discover_packages(ignore) check parameters
[1.265s] Level 1:colcon.colcon_core.package_discovery:discover_packages(path) check parameters
[1.265s] Level 1:colcon.colcon_core.package_discovery:discover_packages(colcon_meta) discover
[1.265s] Level 1:colcon.colcon_core.package_discovery:discover_packages(recursive) discover
[1.265s] INFO:colcon.colcon_core.package_discovery:Crawling recursively for packages in '/home/uc/ros2_humble_ws/src/navcancel'
[1.265s] Level 1:colcon.colcon_core.package_identification:_identify(.) by extensions ['ignore', 'ignore_ament_install']
[1.265s] Level 1:colcon.colcon_core.package_identification:_identify(.) by extension 'ignore'
[1.265s] Level 1:colcon.colcon_core.package_identification:_identify(.) by extension 'ignore_ament_install'
[1.265s] Level 1:colcon.colcon_core.package_identification:_identify(.) by extensions ['colcon_pkg']
[1.265s] Level 1:colcon.colcon_core.package_identification:_identify(.) by extension 'colcon_pkg'
[1.265s] Level 1:colcon.colcon_core.package_identification:_identify(.) by extensions ['colcon_meta']
[1.265s] Level 1:colcon.colcon_core.package_identification:_identify(.) by extension 'colcon_meta'
[1.265s] Level 1:colcon.colcon_core.package_identification:_identify(.) by extensions ['ros']
[1.265s] Level 1:colcon.colcon_core.package_identification:_identify(.) by extension 'ros'
[1.292s] DEBUG:colcon.colcon_core.package_identification:Package '.' with type 'ros.ament_cmake' and name 'navcancel'
[1.292s] Level 1:colcon.colcon_core.package_discovery:discover_packages(recursive) using defaults
[1.292s] Level 1:colcon.colcon_core.package_discovery:discover_packages(ignore) discover
[1.292s] Level 1:colcon.colcon_core.package_discovery:discover_packages(ignore) using defaults
[1.292s] Level 1:colcon.colcon_core.package_discovery:discover_packages(path) discover
[1.292s] Level 1:colcon.colcon_core.package_discovery:discover_packages(path) using defaults
[1.384s] Level 1:colcon.colcon_core.package_discovery:discover_packages(prefix_path) check parameters
[1.385s] Level 1:colcon.colcon_core.package_discovery:discover_packages(prefix_path) discover
[1.397s] DEBUG:colcon.colcon_installed_package_information.package_discovery:Found 323 installed packages in /opt/ros/humble
[1.399s] Level 1:colcon.colcon_core.package_discovery:discover_packages(prefix_path) using defaults
[1.465s] Level 5:colcon.colcon_core.verb:set package 'navcancel' build argument 'cmake_args' from command line to 'None'
[1.466s] Level 5:colcon.colcon_core.verb:set package 'navcancel' build argument 'cmake_target' from command line to 'None'
[1.466s] Level 5:colcon.colcon_core.verb:set package 'navcancel' build argument 'cmake_target_skip_unavailable' from command line to 'False'
[1.466s] Level 5:colcon.colcon_core.verb:set package 'navcancel' build argument 'cmake_clean_cache' from command line to 'False'
[1.466s] Level 5:colcon.colcon_core.verb:set package 'navcancel' build argument 'cmake_clean_first' from command line to 'False'
[1.466s] Level 5:colcon.colcon_core.verb:set package 'navcancel' build argument 'cmake_force_configure' from command line to 'False'
[1.466s] Level 5:colcon.colcon_core.verb:set package 'navcancel' build argument 'ament_cmake_args' from command line to 'None'
[1.466s] Level 5:colcon.colcon_core.verb:set package 'navcancel' build argument 'catkin_cmake_args' from command line to 'None'
[1.466s] Level 5:colcon.colcon_core.verb:set package 'navcancel' build argument 'catkin_skip_building_tests' from command line to 'False'
[1.466s] DEBUG:colcon.colcon_core.verb:Building package 'navcancel' with the following arguments: {'ament_cmake_args': None, 'build_base': '/home/uc/ros2_humble_ws/src/navcancel/build/navcancel', 'catkin_cmake_args': None, 'catkin_skip_building_tests': False, 'cmake_args': None, 'cmake_clean_cache': False, 'cmake_clean_first': False, 'cmake_force_configure': False, 'cmake_target': None, 'cmake_target_skip_unavailable': False, 'install_base': '/home/uc/ros2_humble_ws/src/navcancel/install/navcancel', 'merge_install': False, 'path': '/home/uc/ros2_humble_ws/src/navcancel', 'symlink_install': False, 'test_result_base': None}
[1.466s] INFO:colcon.colcon_core.executor:Executing jobs using 'parallel' executor
[1.473s] DEBUG:colcon.colcon_parallel_executor.executor.parallel:run_until_complete
[1.474s] INFO:colcon.colcon_ros.task.ament_cmake.build:Building ROS package in '/home/uc/ros2_humble_ws/src/navcancel' with build type 'ament_cmake'
[1.475s] INFO:colcon.colcon_cmake.task.cmake.build:Building CMake package in '/home/uc/ros2_humble_ws/src/navcancel'
[1.506s] INFO:colcon.colcon_core.plugin_system:Skipping extension 'colcon_core.shell.bat': Not used on non-Windows systems
[1.507s] INFO:colcon.colcon_core.shell:Skip shell extension 'powershell' for command environment: Not usable outside of PowerShell
[1.507s] DEBUG:colcon.colcon_core.shell:Skip shell extension 'dsv' for command environment
[1.534s] DEBUG:colcon.colcon_core.event_handler.log_command:Invoking command in '/home/uc/ros2_humble_ws/src/navcancel/build/navcancel': CMAKE_PREFIX_PATH=/opt/ros/humble /usr/bin/cmake --build /home/uc/ros2_humble_ws/src/navcancel/build/navcancel -- -j4 -l4
[1.783s] DEBUG:colcon.colcon_core.event_handler.log_command:Invoked command in '/home/uc/ros2_humble_ws/src/navcancel/build/navcancel' returned '0': CMAKE_PREFIX_PATH=/opt/ros/humble /usr/bin/cmake --build /home/uc/ros2_humble_ws/src/navcancel/build/navcancel -- -j4 -l4
[1.863s] DEBUG:colcon.colcon_core.event_handler.log_command:Invoking command in '/home/uc/ros2_humble_ws/src/navcancel/build/navcancel': CMAKE_PREFIX_PATH=/opt/ros/humble /usr/bin/cmake --install /home/uc/ros2_humble_ws/src/navcancel/build/navcancel
[1.906s] Level 1:colcon.colcon_core.environment:create_environment_scripts_only(navcancel)
[1.907s] DEBUG:colcon.colcon_core.event_handler.log_command:Invoked command in '/home/uc/ros2_humble_ws/src/navcancel/build/navcancel' returned '0': CMAKE_PREFIX_PATH=/opt/ros/humble /usr/bin/cmake --install /home/uc/ros2_humble_ws/src/navcancel/build/navcancel
[1.937s] Level 1:colcon.colcon_core.environment:checking '/home/uc/ros2_humble_ws/src/navcancel/install/navcancel' for CMake module files
[1.938s] Level 1:colcon.colcon_core.environment:checking '/home/uc/ros2_humble_ws/src/navcancel/install/navcancel' for CMake config files
[1.941s] Level 1:colcon.colcon_core.shell:create_environment_hook('navcancel', 'cmake_prefix_path')
[1.943s] INFO:colcon.colcon_core.shell:Creating environment hook '/home/uc/ros2_humble_ws/src/navcancel/install/navcancel/share/navcancel/hook/cmake_prefix_path.ps1'
[1.946s] INFO:colcon.colcon_core.shell:Creating environment descriptor '/home/uc/ros2_humble_ws/src/navcancel/install/navcancel/share/navcancel/hook/cmake_prefix_path.dsv'
[1.948s] INFO:colcon.colcon_core.shell:Creating environment hook '/home/uc/ros2_humble_ws/src/navcancel/install/navcancel/share/navcancel/hook/cmake_prefix_path.sh'
[1.952s] Level 1:colcon.colcon_core.environment:checking '/home/uc/ros2_humble_ws/src/navcancel/install/navcancel/lib'
[1.952s] Level 1:colcon.colcon_core.environment:checking '/home/uc/ros2_humble_ws/src/navcancel/install/navcancel/bin'
[1.952s] Level 1:colcon.colcon_core.environment:checking '/home/uc/ros2_humble_ws/src/navcancel/install/navcancel/lib/pkgconfig/navcancel.pc'
[1.953s] Level 1:colcon.colcon_core.environment:checking '/home/uc/ros2_humble_ws/src/navcancel/install/navcancel/lib/python3.10/site-packages'
[1.953s] Level 1:colcon.colcon_core.environment:checking '/home/uc/ros2_humble_ws/src/navcancel/install/navcancel/bin'
[1.955s] INFO:colcon.colcon_core.shell:Creating package script '/home/uc/ros2_humble_ws/src/navcancel/install/navcancel/share/navcancel/package.ps1'
[1.957s] INFO:colcon.colcon_core.shell:Creating package descriptor '/home/uc/ros2_humble_ws/src/navcancel/install/navcancel/share/navcancel/package.dsv'
[1.960s] INFO:colcon.colcon_core.shell:Creating package script '/home/uc/ros2_humble_ws/src/navcancel/install/navcancel/share/navcancel/package.sh'
[1.962s] INFO:colcon.colcon_core.shell:Creating package script '/home/uc/ros2_humble_ws/src/navcancel/install/navcancel/share/navcancel/package.bash'
[1.965s] INFO:colcon.colcon_core.shell:Creating package script '/home/uc/ros2_humble_ws/src/navcancel/install/navcancel/share/navcancel/package.zsh'
[1.967s] Level 1:colcon.colcon_core.environment:create_file_with_runtime_dependencies(/home/uc/ros2_humble_ws/src/navcancel/install/navcancel/share/colcon-core/packages/navcancel)
[2.030s] Level 1:colcon.colcon_core.environment:create_environment_scripts_only(navcancel)
[2.032s] Level 1:colcon.colcon_core.environment:checking '/home/uc/ros2_humble_ws/src/navcancel/install/navcancel' for CMake module files
[2.032s] Level 1:colcon.colcon_core.environment:checking '/home/uc/ros2_humble_ws/src/navcancel/install/navcancel' for CMake config files
[2.033s] Level 1:colcon.colcon_core.shell:create_environment_hook('navcancel', 'cmake_prefix_path')
[2.034s] INFO:colcon.colcon_core.shell:Creating environment hook '/home/uc/ros2_humble_ws/src/navcancel/install/navcancel/share/navcancel/hook/cmake_prefix_path.ps1'
[2.038s] INFO:colcon.colcon_core.shell:Creating environment descriptor '/home/uc/ros2_humble_ws/src/navcancel/install/navcancel/share/navcancel/hook/cmake_prefix_path.dsv'
[2.039s] INFO:colcon.colcon_core.shell:Creating environment hook '/home/uc/ros2_humble_ws/src/navcancel/install/navcancel/share/navcancel/hook/cmake_prefix_path.sh'
[2.040s] Level 1:colcon.colcon_core.environment:checking '/home/uc/ros2_humble_ws/src/navcancel/install/navcancel/lib'
[2.042s] Level 1:colcon.colcon_core.environment:checking '/home/uc/ros2_humble_ws/src/navcancel/install/navcancel/bin'
[2.042s] Level 1:colcon.colcon_core.environment:checking '/home/uc/ros2_humble_ws/src/navcancel/install/navcancel/lib/pkgconfig/navcancel.pc'
[2.042s] Level 1:colcon.colcon_core.environment:checking '/home/uc/ros2_humble_ws/src/navcancel/install/navcancel/lib/python3.10/site-packages'
[2.043s] Level 1:colcon.colcon_core.environment:checking '/home/uc/ros2_humble_ws/src/navcancel/install/navcancel/bin'
[2.048s] INFO:colcon.colcon_core.shell:Creating package script '/home/uc/ros2_humble_ws/src/navcancel/install/navcancel/share/navcancel/package.ps1'
[2.050s] INFO:colcon.colcon_core.shell:Creating package descriptor '/home/uc/ros2_humble_ws/src/navcancel/install/navcancel/share/navcancel/package.dsv'
[2.052s] INFO:colcon.colcon_core.shell:Creating package script '/home/uc/ros2_humble_ws/src/navcancel/install/navcancel/share/navcancel/package.sh'
[2.054s] INFO:colcon.colcon_core.shell:Creating package script '/home/uc/ros2_humble_ws/src/navcancel/install/navcancel/share/navcancel/package.bash'
[2.055s] INFO:colcon.colcon_core.shell:Creating package script '/home/uc/ros2_humble_ws/src/navcancel/install/navcancel/share/navcancel/package.zsh'
[2.056s] Level 1:colcon.colcon_core.environment:create_file_with_runtime_dependencies(/home/uc/ros2_humble_ws/src/navcancel/install/navcancel/share/colcon-core/packages/navcancel)
[2.056s] DEBUG:colcon.colcon_parallel_executor.executor.parallel:closing loop
[2.057s] DEBUG:colcon.colcon_parallel_executor.executor.parallel:loop closed
[2.057s] DEBUG:colcon.colcon_parallel_executor.executor.parallel:run_until_complete finished with '0'
[2.058s] DEBUG:colcon.colcon_core.event_reactor:joining thread
[2.092s] INFO:colcon.colcon_core.plugin_system:Skipping extension 'colcon_notification.desktop_notification.terminal_notifier': Not used on non-Darwin systems
[2.092s] INFO:colcon.colcon_core.plugin_system:Skipping extension 'colcon_notification.desktop_notification.win32': Not used on non-Windows systems
[2.093s] INFO:colcon.colcon_notification.desktop_notification:Sending desktop notification using 'notify2'
[2.123s] DEBUG:colcon.colcon_core.event_reactor:joined thread
[2.125s] INFO:colcon.colcon_core.shell:Creating prefix script '/home/uc/ros2_humble_ws/src/navcancel/install/local_setup.ps1'
[2.127s] INFO:colcon.colcon_core.shell:Creating prefix util module '/home/uc/ros2_humble_ws/src/navcancel/install/_local_setup_util_ps1.py'
[2.130s] INFO:colcon.colcon_core.shell:Creating prefix chain script '/home/uc/ros2_humble_ws/src/navcancel/install/setup.ps1'
[2.134s] INFO:colcon.colcon_core.shell:Creating prefix script '/home/uc/ros2_humble_ws/src/navcancel/install/local_setup.sh'
[2.136s] INFO:colcon.colcon_core.shell:Creating prefix util module '/home/uc/ros2_humble_ws/src/navcancel/install/_local_setup_util_sh.py'
[2.138s] INFO:colcon.colcon_core.shell:Creating prefix chain script '/home/uc/ros2_humble_ws/src/navcancel/install/setup.sh'
[2.144s] INFO:colcon.colcon_core.shell:Creating prefix script '/home/uc/ros2_humble_ws/src/navcancel/install/local_setup.bash'
[2.147s] INFO:colcon.colcon_core.shell:Creating prefix chain script '/home/uc/ros2_humble_ws/src/navcancel/install/setup.bash'
[2.151s] INFO:colcon.colcon_core.shell:Creating prefix script '/home/uc/ros2_humble_ws/src/navcancel/install/local_setup.zsh'
[2.153s] INFO:colcon.colcon_core.shell:Creating prefix chain script '/home/uc/ros2_humble_ws/src/navcancel/install/setup.zsh'
