[0.910s] DEBUG:colcon:Command line arguments: ['/usr/bin/colcon', 'build', '--packages-select', 'navcancel']
[0.910s] DEBUG:colcon:Parsed command line arguments: Namespace(log_base=None, log_level=None, verb_name='build', build_base='build', install_base='install', merge_install=False, symlink_install=False, test_result_base=None, continue_on_error=False, executor='parallel', parallel_workers=4, event_handlers=None, ignore_user_meta=False, metas=['./colcon.meta'], base_paths=['.'], packages_ignore=None, packages_ignore_regex=None, paths=None, packages_up_to=None, packages_up_to_regex=None, packages_above=None, packages_above_and_dependencies=None, packages_above_depth=None, packages_select_by_dep=None, packages_skip_by_dep=None, packages_skip_up_to=None, packages_select_build_failed=False, packages_skip_build_finished=False, packages_select_test_failures=False, packages_skip_test_passed=False, packages_select=['navcancel'], packages_skip=None, packages_select_regex=None, packages_skip_regex=None, packages_start=None, packages_end=None, allow_overriding=[], cmake_args=None, cmake_target=None, cmake_target_skip_unavailable=False, cmake_clean_cache=False, cmake_clean_first=False, cmake_force_configure=False, ament_cmake_args=None, catkin_cmake_args=None, catkin_skip_building_tests=False, verb_parser=<colcon_defaults.argument_parser.defaults.DefaultArgumentsDecorator object at 0x7f3e52ab44f0>, verb_extension=<colcon_core.verb.build.BuildVerb object at 0x7f3e52bfa980>, main=<bound method BuildVerb.main of <colcon_core.verb.build.BuildVerb object at 0x7f3e52bfa980>>)
[1.002s] Level 1:colcon.colcon_core.package_discovery:discover_packages(colcon_meta) check parameters
[1.002s] Level 1:colcon.colcon_core.package_discovery:discover_packages(recursive) check parameters
[1.002s] Level 1:colcon.colcon_core.package_discovery:discover_packages(ignore) check parameters
[1.002s] Level 1:colcon.colcon_core.package_discovery:discover_packages(path) check parameters
[1.002s] Level 1:colcon.colcon_core.package_discovery:discover_packages(colcon_meta) discover
[1.003s] Level 1:colcon.colcon_core.package_discovery:discover_packages(recursive) discover
[1.003s] INFO:colcon.colcon_core.package_discovery:Crawling recursively for packages in '/home/uc/ros2_humble_ws/src/navcancel'
[1.003s] Level 1:colcon.colcon_core.package_identification:_identify(.) by extensions ['ignore', 'ignore_ament_install']
[1.003s] Level 1:colcon.colcon_core.package_identification:_identify(.) by extension 'ignore'
[1.003s] Level 1:colcon.colcon_core.package_identification:_identify(.) by extension 'ignore_ament_install'
[1.003s] Level 1:colcon.colcon_core.package_identification:_identify(.) by extensions ['colcon_pkg']
[1.003s] Level 1:colcon.colcon_core.package_identification:_identify(.) by extension 'colcon_pkg'
[1.004s] Level 1:colcon.colcon_core.package_identification:_identify(.) by extensions ['colcon_meta']
[1.004s] Level 1:colcon.colcon_core.package_identification:_identify(.) by extension 'colcon_meta'
[1.004s] Level 1:colcon.colcon_core.package_identification:_identify(.) by extensions ['ros']
[1.004s] Level 1:colcon.colcon_core.package_identification:_identify(.) by extension 'ros'
[1.031s] DEBUG:colcon.colcon_core.package_identification:Package '.' with type 'ros.ament_cmake' and name 'navcancel'
[1.032s] Level 1:colcon.colcon_core.package_discovery:discover_packages(recursive) using defaults
[1.032s] Level 1:colcon.colcon_core.package_discovery:discover_packages(ignore) discover
[1.032s] Level 1:colcon.colcon_core.package_discovery:discover_packages(ignore) using defaults
[1.032s] Level 1:colcon.colcon_core.package_discovery:discover_packages(path) discover
[1.032s] Level 1:colcon.colcon_core.package_discovery:discover_packages(path) using defaults
[1.097s] Level 1:colcon.colcon_core.package_discovery:discover_packages(prefix_path) check parameters
[1.097s] Level 1:colcon.colcon_core.package_discovery:discover_packages(prefix_path) discover
[1.106s] DEBUG:colcon.colcon_installed_package_information.package_discovery:Found 1 installed packages in /home/uc/ros2_humble_ws/src/navcancel/install
[1.111s] DEBUG:colcon.colcon_installed_package_information.package_discovery:Found 323 installed packages in /opt/ros/humble
[1.115s] Level 1:colcon.colcon_core.package_discovery:discover_packages(prefix_path) using defaults
[1.312s] Level 5:colcon.colcon_core.verb:set package 'navcancel' build argument 'cmake_args' from command line to 'None'
[1.313s] Level 5:colcon.colcon_core.verb:set package 'navcancel' build argument 'cmake_target' from command line to 'None'
[1.313s] Level 5:colcon.colcon_core.verb:set package 'navcancel' build argument 'cmake_target_skip_unavailable' from command line to 'False'
[1.313s] Level 5:colcon.colcon_core.verb:set package 'navcancel' build argument 'cmake_clean_cache' from command line to 'False'
[1.313s] Level 5:colcon.colcon_core.verb:set package 'navcancel' build argument 'cmake_clean_first' from command line to 'False'
[1.313s] Level 5:colcon.colcon_core.verb:set package 'navcancel' build argument 'cmake_force_configure' from command line to 'False'
[1.314s] Level 5:colcon.colcon_core.verb:set package 'navcancel' build argument 'ament_cmake_args' from command line to 'None'
[1.314s] Level 5:colcon.colcon_core.verb:set package 'navcancel' build argument 'catkin_cmake_args' from command line to 'None'
[1.314s] Level 5:colcon.colcon_core.verb:set package 'navcancel' build argument 'catkin_skip_building_tests' from command line to 'False'
[1.314s] DEBUG:colcon.colcon_core.verb:Building package 'navcancel' with the following arguments: {'ament_cmake_args': None, 'build_base': '/home/uc/ros2_humble_ws/src/navcancel/build/navcancel', 'catkin_cmake_args': None, 'catkin_skip_building_tests': False, 'cmake_args': None, 'cmake_clean_cache': False, 'cmake_clean_first': False, 'cmake_force_configure': False, 'cmake_target': None, 'cmake_target_skip_unavailable': False, 'install_base': '/home/uc/ros2_humble_ws/src/navcancel/install/navcancel', 'merge_install': False, 'path': '/home/uc/ros2_humble_ws/src/navcancel', 'symlink_install': False, 'test_result_base': None}
[1.316s] INFO:colcon.colcon_core.executor:Executing jobs using 'parallel' executor
[1.326s] DEBUG:colcon.colcon_parallel_executor.executor.parallel:run_until_complete
[1.326s] INFO:colcon.colcon_ros.task.ament_cmake.build:Building ROS package in '/home/uc/ros2_humble_ws/src/navcancel' with build type 'ament_cmake'
[1.326s] INFO:colcon.colcon_cmake.task.cmake.build:Building CMake package in '/home/uc/ros2_humble_ws/src/navcancel'
[1.342s] INFO:colcon.colcon_core.plugin_system:Skipping extension 'colcon_core.shell.bat': Not used on non-Windows systems
[1.343s] INFO:colcon.colcon_core.shell:Skip shell extension 'powershell' for command environment: Not usable outside of PowerShell
[1.344s] DEBUG:colcon.colcon_core.shell:Skip shell extension 'dsv' for command environment
[1.394s] DEBUG:colcon.colcon_core.event_handler.log_command:Invoking command in '/home/uc/ros2_humble_ws/src/navcancel/build/navcancel': CMAKE_PREFIX_PATH=${CMAKE_PREFIX_PATH}:/opt/ros/humble /usr/bin/cmake --build /home/uc/ros2_humble_ws/src/navcancel/build/navcancel -- -j4 -l4
[15.112s] DEBUG:colcon.colcon_core.event_handler.log_command:Invoked command in '/home/uc/ros2_humble_ws/src/navcancel/build/navcancel' returned '0': CMAKE_PREFIX_PATH=${CMAKE_PREFIX_PATH}:/opt/ros/humble /usr/bin/cmake --build /home/uc/ros2_humble_ws/src/navcancel/build/navcancel -- -j4 -l4
[15.252s] DEBUG:colcon.colcon_core.event_handler.log_command:Invoking command in '/home/uc/ros2_humble_ws/src/navcancel/build/navcancel': CMAKE_PREFIX_PATH=${CMAKE_PREFIX_PATH}:/opt/ros/humble /usr/bin/cmake --install /home/uc/ros2_humble_ws/src/navcancel/build/navcancel
[15.287s] Level 1:colcon.colcon_core.environment:create_environment_scripts_only(navcancel)
[15.309s] DEBUG:colcon.colcon_core.event_handler.log_command:Invoked command in '/home/uc/ros2_humble_ws/src/navcancel/build/navcancel' returned '0': CMAKE_PREFIX_PATH=${CMAKE_PREFIX_PATH}:/opt/ros/humble /usr/bin/cmake --install /home/uc/ros2_humble_ws/src/navcancel/build/navcancel
[15.317s] Level 1:colcon.colcon_core.environment:checking '/home/uc/ros2_humble_ws/src/navcancel/install/navcancel' for CMake module files
[15.320s] Level 1:colcon.colcon_core.environment:checking '/home/uc/ros2_humble_ws/src/navcancel/install/navcancel' for CMake config files
[15.322s] Level 1:colcon.colcon_core.shell:create_environment_hook('navcancel', 'cmake_prefix_path')
[15.327s] INFO:colcon.colcon_core.shell:Creating environment hook '/home/uc/ros2_humble_ws/src/navcancel/install/navcancel/share/navcancel/hook/cmake_prefix_path.ps1'
[15.330s] INFO:colcon.colcon_core.shell:Creating environment descriptor '/home/uc/ros2_humble_ws/src/navcancel/install/navcancel/share/navcancel/hook/cmake_prefix_path.dsv'
[15.333s] INFO:colcon.colcon_core.shell:Creating environment hook '/home/uc/ros2_humble_ws/src/navcancel/install/navcancel/share/navcancel/hook/cmake_prefix_path.sh'
[15.337s] Level 1:colcon.colcon_core.environment:checking '/home/uc/ros2_humble_ws/src/navcancel/install/navcancel/lib'
[15.338s] Level 1:colcon.colcon_core.environment:checking '/home/uc/ros2_humble_ws/src/navcancel/install/navcancel/bin'
[15.338s] Level 1:colcon.colcon_core.environment:checking '/home/uc/ros2_humble_ws/src/navcancel/install/navcancel/lib/pkgconfig/navcancel.pc'
[15.338s] Level 1:colcon.colcon_core.environment:checking '/home/uc/ros2_humble_ws/src/navcancel/install/navcancel/lib/python3.10/site-packages'
[15.339s] Level 1:colcon.colcon_core.environment:checking '/home/uc/ros2_humble_ws/src/navcancel/install/navcancel/bin'
[15.344s] INFO:colcon.colcon_core.shell:Creating package script '/home/uc/ros2_humble_ws/src/navcancel/install/navcancel/share/navcancel/package.ps1'
[15.347s] INFO:colcon.colcon_core.shell:Creating package descriptor '/home/uc/ros2_humble_ws/src/navcancel/install/navcancel/share/navcancel/package.dsv'
[15.350s] INFO:colcon.colcon_core.shell:Creating package script '/home/uc/ros2_humble_ws/src/navcancel/install/navcancel/share/navcancel/package.sh'
[15.353s] INFO:colcon.colcon_core.shell:Creating package script '/home/uc/ros2_humble_ws/src/navcancel/install/navcancel/share/navcancel/package.bash'
[15.360s] INFO:colcon.colcon_core.shell:Creating package script '/home/uc/ros2_humble_ws/src/navcancel/install/navcancel/share/navcancel/package.zsh'
[15.364s] Level 1:colcon.colcon_core.environment:create_file_with_runtime_dependencies(/home/uc/ros2_humble_ws/src/navcancel/install/navcancel/share/colcon-core/packages/navcancel)
[15.516s] Level 1:colcon.colcon_core.environment:create_environment_scripts_only(navcancel)
[15.525s] Level 1:colcon.colcon_core.environment:checking '/home/uc/ros2_humble_ws/src/navcancel/install/navcancel' for CMake module files
[15.526s] Level 1:colcon.colcon_core.environment:checking '/home/uc/ros2_humble_ws/src/navcancel/install/navcancel' for CMake config files
[15.526s] Level 1:colcon.colcon_core.shell:create_environment_hook('navcancel', 'cmake_prefix_path')
[15.531s] INFO:colcon.colcon_core.shell:Creating environment hook '/home/uc/ros2_humble_ws/src/navcancel/install/navcancel/share/navcancel/hook/cmake_prefix_path.ps1'
[15.535s] INFO:colcon.colcon_core.shell:Creating environment descriptor '/home/uc/ros2_humble_ws/src/navcancel/install/navcancel/share/navcancel/hook/cmake_prefix_path.dsv'
[15.537s] INFO:colcon.colcon_core.shell:Creating environment hook '/home/uc/ros2_humble_ws/src/navcancel/install/navcancel/share/navcancel/hook/cmake_prefix_path.sh'
[15.539s] Level 1:colcon.colcon_core.environment:checking '/home/uc/ros2_humble_ws/src/navcancel/install/navcancel/lib'
[15.539s] Level 1:colcon.colcon_core.environment:checking '/home/uc/ros2_humble_ws/src/navcancel/install/navcancel/bin'
[15.541s] Level 1:colcon.colcon_core.environment:checking '/home/uc/ros2_humble_ws/src/navcancel/install/navcancel/lib/pkgconfig/navcancel.pc'
[15.541s] Level 1:colcon.colcon_core.environment:checking '/home/uc/ros2_humble_ws/src/navcancel/install/navcancel/lib/python3.10/site-packages'
[15.541s] Level 1:colcon.colcon_core.environment:checking '/home/uc/ros2_humble_ws/src/navcancel/install/navcancel/bin'
[15.544s] INFO:colcon.colcon_core.shell:Creating package script '/home/uc/ros2_humble_ws/src/navcancel/install/navcancel/share/navcancel/package.ps1'
[15.545s] INFO:colcon.colcon_core.shell:Creating package descriptor '/home/uc/ros2_humble_ws/src/navcancel/install/navcancel/share/navcancel/package.dsv'
[15.547s] INFO:colcon.colcon_core.shell:Creating package script '/home/uc/ros2_humble_ws/src/navcancel/install/navcancel/share/navcancel/package.sh'
[15.549s] INFO:colcon.colcon_core.shell:Creating package script '/home/uc/ros2_humble_ws/src/navcancel/install/navcancel/share/navcancel/package.bash'
[15.550s] INFO:colcon.colcon_core.shell:Creating package script '/home/uc/ros2_humble_ws/src/navcancel/install/navcancel/share/navcancel/package.zsh'
[15.552s] Level 1:colcon.colcon_core.environment:create_file_with_runtime_dependencies(/home/uc/ros2_humble_ws/src/navcancel/install/navcancel/share/colcon-core/packages/navcancel)
[15.560s] DEBUG:colcon.colcon_parallel_executor.executor.parallel:closing loop
[15.560s] DEBUG:colcon.colcon_parallel_executor.executor.parallel:loop closed
[15.560s] DEBUG:colcon.colcon_parallel_executor.executor.parallel:run_until_complete finished with '0'
[15.561s] DEBUG:colcon.colcon_core.event_reactor:joining thread
[15.581s] INFO:colcon.colcon_core.plugin_system:Skipping extension 'colcon_notification.desktop_notification.terminal_notifier': Not used on non-Darwin systems
[15.581s] INFO:colcon.colcon_core.plugin_system:Skipping extension 'colcon_notification.desktop_notification.win32': Not used on non-Windows systems
[15.583s] INFO:colcon.colcon_notification.desktop_notification:Sending desktop notification using 'notify2'
[15.653s] DEBUG:colcon.colcon_core.event_reactor:joined thread
[15.658s] INFO:colcon.colcon_core.shell:Creating prefix script '/home/uc/ros2_humble_ws/src/navcancel/install/local_setup.ps1'
[15.668s] INFO:colcon.colcon_core.shell:Creating prefix util module '/home/uc/ros2_humble_ws/src/navcancel/install/_local_setup_util_ps1.py'
[15.672s] INFO:colcon.colcon_core.shell:Creating prefix chain script '/home/uc/ros2_humble_ws/src/navcancel/install/setup.ps1'
[15.678s] INFO:colcon.colcon_core.shell:Creating prefix script '/home/uc/ros2_humble_ws/src/navcancel/install/local_setup.sh'
[15.680s] INFO:colcon.colcon_core.shell:Creating prefix util module '/home/uc/ros2_humble_ws/src/navcancel/install/_local_setup_util_sh.py'
[15.683s] INFO:colcon.colcon_core.shell:Creating prefix chain script '/home/uc/ros2_humble_ws/src/navcancel/install/setup.sh'
[15.694s] INFO:colcon.colcon_core.shell:Creating prefix script '/home/uc/ros2_humble_ws/src/navcancel/install/local_setup.bash'
[15.696s] INFO:colcon.colcon_core.shell:Creating prefix chain script '/home/uc/ros2_humble_ws/src/navcancel/install/setup.bash'
[15.703s] INFO:colcon.colcon_core.shell:Creating prefix script '/home/uc/ros2_humble_ws/src/navcancel/install/local_setup.zsh'
[15.706s] INFO:colcon.colcon_core.shell:Creating prefix chain script '/home/uc/ros2_humble_ws/src/navcancel/install/setup.zsh'
