[0.026s] Invoking command in '/home/uc/ros2_humble_ws/src/navcancel/build/navcancel': CMAKE_PREFIX_PATH=${CMAKE_PREFIX_PATH}:/opt/ros/humble /usr/bin/cmake --build /home/uc/ros2_humble_ws/src/navcancel/build/navcancel -- -j4 -l4
[0.066s] -- Found ament_cmake: 1.3.5 (/opt/ros/humble/share/ament_cmake/cmake)
[0.284s] -- Found rclcpp: 16.0.5 (/opt/ros/humble/share/rclcpp/cmake)
[0.318s] -- Found rosidl_generator_c: 3.1.5 (/opt/ros/humble/share/rosidl_generator_c/cmake)
[0.321s] -- Found rosidl_adapter: 3.1.5 (/opt/ros/humble/share/rosidl_adapter/cmake)
[0.328s] -- Found rosidl_generator_cpp: 3.1.5 (/opt/ros/humble/share/rosidl_generator_cpp/cmake)
[0.341s] -- Using all available rosidl_typesupport_c: rosidl_typesupport_fastrtps_c;rosidl_typesupport_introspection_c
[0.362s] -- Using all available rosidl_typesupport_cpp: rosidl_typesupport_fastrtps_cpp;rosidl_typesupport_introspection_cpp
[0.421s] -- Found rmw_implementation_cmake: 6.1.1 (/opt/ros/humble/share/rmw_implementation_cmake/cmake)
[0.422s] -- Found rmw_fastrtps_cpp: 6.2.3 (/opt/ros/humble/share/rmw_fastrtps_cpp/cmake)
[0.550s] -- Using RMW implementation 'rmw_fastrtps_cpp' as default
[0.716s] -- Found nav2_msgs: 1.1.8 (/opt/ros/humble/share/nav2_msgs/cmake)
[1.080s] -- Found rclcpp_action: 16.0.5 (/opt/ros/humble/share/rclcpp_action/cmake)
[1.112s] -- Found ament_lint_auto: 0.12.7 (/opt/ros/humble/share/ament_lint_auto/cmake)
[1.220s] -- Added test 'cppcheck' to perform static code analysis on C / C++ code
[1.222s] -- Configured cppcheck include dirs: /home/uc/ros2_humble_ws/src/navcancel/...
[1.222s] -- Configured cppcheck exclude dirs and/or files: 
[1.223s] -- Added test 'flake8' to check Python code syntax and style conventions
[1.230s] -- Added test 'lint_cmake' to check CMake code style
[1.233s] -- Added test 'pep257' to check Python code against some of the docstring style conventions in PEP 257
[1.246s] -- Added test 'uncrustify' to check C / C++ code style
[1.249s] -- Configured uncrustify additional arguments: 
[1.249s] -- Added test 'xmllint' to check XML markup files
[1.249s] -- Configuring done
[1.301s] -- Generating done
[1.307s] -- Build files have been written to: /home/uc/ros2_humble_ws/src/navcancel/build/navcancel
[1.351s] [35m[1mConsolidate compiler generated dependencies of target navcancel[0m
[1.381s] [ 50%] [32mBuilding CXX object CMakeFiles/navcancel.dir/src/navcancel.cpp.o[0m
[9.262s] [100%] [32m[1mLinking CXX executable navcancel[0m
[10.084s] [100%] Built target navcancel
[10.099s] Invoked command in '/home/uc/ros2_humble_ws/src/navcancel/build/navcancel' returned '0': CMAKE_PREFIX_PATH=${CMAKE_PREFIX_PATH}:/opt/ros/humble /usr/bin/cmake --build /home/uc/ros2_humble_ws/src/navcancel/build/navcancel -- -j4 -l4
[10.181s] Invoking command in '/home/uc/ros2_humble_ws/src/navcancel/build/navcancel': CMAKE_PREFIX_PATH=${CMAKE_PREFIX_PATH}:/opt/ros/humble /usr/bin/cmake --install /home/uc/ros2_humble_ws/src/navcancel/build/navcancel
[10.189s] -- Install configuration: ""
[10.192s] -- Installing: /home/uc/ros2_humble_ws/src/navcancel/install/navcancel/lib/navcancel/navcancel
[10.197s] -- Set runtime path of "/home/uc/ros2_humble_ws/src/navcancel/install/navcancel/lib/navcancel/navcancel" to ""
[10.198s] -- Up-to-date: /home/uc/ros2_humble_ws/src/navcancel/install/navcancel/share/ament_index/resource_index/package_run_dependencies/navcancel
[10.198s] -- Installing: /home/uc/ros2_humble_ws/src/navcancel/install/navcancel/share/ament_index/resource_index/parent_prefix_path/navcancel
[10.200s] -- Up-to-date: /home/uc/ros2_humble_ws/src/navcancel/install/navcancel/share/navcancel/environment/ament_prefix_path.sh
[10.201s] -- Installing: /home/uc/ros2_humble_ws/src/navcancel/install/navcancel/share/navcancel/environment/ament_prefix_path.dsv
[10.202s] -- Up-to-date: /home/uc/ros2_humble_ws/src/navcancel/install/navcancel/share/navcancel/environment/path.sh
[10.202s] -- Installing: /home/uc/ros2_humble_ws/src/navcancel/install/navcancel/share/navcancel/environment/path.dsv
[10.204s] -- Up-to-date: /home/uc/ros2_humble_ws/src/navcancel/install/navcancel/share/navcancel/local_setup.bash
[10.204s] -- Up-to-date: /home/uc/ros2_humble_ws/src/navcancel/install/navcancel/share/navcancel/local_setup.sh
[10.205s] -- Up-to-date: /home/uc/ros2_humble_ws/src/navcancel/install/navcancel/share/navcancel/local_setup.zsh
[10.205s] -- Installing: /home/uc/ros2_humble_ws/src/navcancel/install/navcancel/share/navcancel/local_setup.dsv
[10.205s] -- Installing: /home/uc/ros2_humble_ws/src/navcancel/install/navcancel/share/navcancel/package.dsv
[10.205s] -- Up-to-date: /home/uc/ros2_humble_ws/src/navcancel/install/navcancel/share/ament_index/resource_index/packages/navcancel
[10.205s] -- Up-to-date: /home/uc/ros2_humble_ws/src/navcancel/install/navcancel/share/navcancel/cmake/navcancelConfig.cmake
[10.205s] -- Up-to-date: /home/uc/ros2_humble_ws/src/navcancel/install/navcancel/share/navcancel/cmake/navcancelConfig-version.cmake
[10.205s] -- Up-to-date: /home/uc/ros2_humble_ws/src/navcancel/install/navcancel/share/navcancel/package.xml
[10.210s] Invoked command in '/home/uc/ros2_humble_ws/src/navcancel/build/navcancel' returned '0': CMAKE_PREFIX_PATH=${CMAKE_PREFIX_PATH}:/opt/ros/humble /usr/bin/cmake --install /home/uc/ros2_humble_ws/src/navcancel/build/navcancel
