[0.278s] DEBUG:colcon:Command line arguments: ['/usr/bin/colcon', 'build', '--packages-select', 'navcancel']
[0.278s] DEBUG:colcon:Parsed command line arguments: Namespace(log_base=None, log_level=None, verb_name='build', build_base='build', install_base='install', merge_install=False, symlink_install=False, test_result_base=None, continue_on_error=False, executor='parallel', parallel_workers=4, event_handlers=None, ignore_user_meta=False, metas=['./colcon.meta'], base_paths=['.'], packages_ignore=None, packages_ignore_regex=None, paths=None, packages_up_to=None, packages_up_to_regex=None, packages_above=None, packages_above_and_dependencies=None, packages_above_depth=None, packages_select_by_dep=None, packages_skip_by_dep=None, packages_skip_up_to=None, packages_select_build_failed=False, packages_skip_build_finished=False, packages_select_test_failures=False, packages_skip_test_passed=False, packages_select=['navcancel'], packages_skip=None, packages_select_regex=None, packages_skip_regex=None, packages_start=None, packages_end=None, allow_overriding=[], cmake_args=None, cmake_target=None, cmake_target_skip_unavailable=False, cmake_clean_cache=False, cmake_clean_first=False, cmake_force_configure=False, ament_cmake_args=None, catkin_cmake_args=None, catkin_skip_building_tests=False, verb_parser=<colcon_defaults.argument_parser.defaults.DefaultArgumentsDecorator object at 0x7ff0381c4310>, verb_extension=<colcon_core.verb.build.BuildVerb object at 0x7ff0380e2860>, main=<bound method BuildVerb.main of <colcon_core.verb.build.BuildVerb object at 0x7ff0380e2860>>)
[0.315s] Level 1:colcon.colcon_core.package_discovery:discover_packages(colcon_meta) check parameters
[0.315s] Level 1:colcon.colcon_core.package_discovery:discover_packages(recursive) check parameters
[0.315s] Level 1:colcon.colcon_core.package_discovery:discover_packages(ignore) check parameters
[0.315s] Level 1:colcon.colcon_core.package_discovery:discover_packages(path) check parameters
[0.315s] Level 1:colcon.colcon_core.package_discovery:discover_packages(colcon_meta) discover
[0.315s] Level 1:colcon.colcon_core.package_discovery:discover_packages(recursive) discover
[0.315s] INFO:colcon.colcon_core.package_discovery:Crawling recursively for packages in '/home/uc/ros2_humble_ws/src/navcancel'
[0.315s] Level 1:colcon.colcon_core.package_identification:_identify(.) by extensions ['ignore', 'ignore_ament_install']
[0.316s] Level 1:colcon.colcon_core.package_identification:_identify(.) by extension 'ignore'
[0.316s] Level 1:colcon.colcon_core.package_identification:_identify(.) by extension 'ignore_ament_install'
[0.316s] Level 1:colcon.colcon_core.package_identification:_identify(.) by extensions ['colcon_pkg']
[0.316s] Level 1:colcon.colcon_core.package_identification:_identify(.) by extension 'colcon_pkg'
[0.316s] Level 1:colcon.colcon_core.package_identification:_identify(.) by extensions ['colcon_meta']
[0.316s] Level 1:colcon.colcon_core.package_identification:_identify(.) by extension 'colcon_meta'
[0.316s] Level 1:colcon.colcon_core.package_identification:_identify(.) by extensions ['ros']
[0.316s] Level 1:colcon.colcon_core.package_identification:_identify(.) by extension 'ros'
[0.330s] DEBUG:colcon.colcon_core.package_identification:Package '.' with type 'ros.ament_cmake' and name 'navcancel'
[0.330s] Level 1:colcon.colcon_core.package_discovery:discover_packages(recursive) using defaults
[0.330s] Level 1:colcon.colcon_core.package_discovery:discover_packages(ignore) discover
[0.330s] Level 1:colcon.colcon_core.package_discovery:discover_packages(ignore) using defaults
[0.330s] Level 1:colcon.colcon_core.package_discovery:discover_packages(path) discover
[0.330s] Level 1:colcon.colcon_core.package_discovery:discover_packages(path) using defaults
[0.353s] Level 1:colcon.colcon_core.package_discovery:discover_packages(prefix_path) check parameters
[0.353s] Level 1:colcon.colcon_core.package_discovery:discover_packages(prefix_path) discover
[0.356s] DEBUG:colcon.colcon_installed_package_information.package_discovery:Found 0 installed packages in /home/uc/ros2_humble_ws/install
[0.358s] DEBUG:colcon.colcon_installed_package_information.package_discovery:Found 323 installed packages in /opt/ros/humble
[0.360s] Level 1:colcon.colcon_core.package_discovery:discover_packages(prefix_path) using defaults
[0.412s] Level 5:colcon.colcon_core.verb:set package 'navcancel' build argument 'cmake_args' from command line to 'None'
[0.412s] Level 5:colcon.colcon_core.verb:set package 'navcancel' build argument 'cmake_target' from command line to 'None'
[0.412s] Level 5:colcon.colcon_core.verb:set package 'navcancel' build argument 'cmake_target_skip_unavailable' from command line to 'False'
[0.412s] Level 5:colcon.colcon_core.verb:set package 'navcancel' build argument 'cmake_clean_cache' from command line to 'False'
[0.412s] Level 5:colcon.colcon_core.verb:set package 'navcancel' build argument 'cmake_clean_first' from command line to 'False'
[0.412s] Level 5:colcon.colcon_core.verb:set package 'navcancel' build argument 'cmake_force_configure' from command line to 'False'
[0.412s] Level 5:colcon.colcon_core.verb:set package 'navcancel' build argument 'ament_cmake_args' from command line to 'None'
[0.412s] Level 5:colcon.colcon_core.verb:set package 'navcancel' build argument 'catkin_cmake_args' from command line to 'None'
[0.412s] Level 5:colcon.colcon_core.verb:set package 'navcancel' build argument 'catkin_skip_building_tests' from command line to 'False'
[0.412s] DEBUG:colcon.colcon_core.verb:Building package 'navcancel' with the following arguments: {'ament_cmake_args': None, 'build_base': '/home/uc/ros2_humble_ws/src/navcancel/build/navcancel', 'catkin_cmake_args': None, 'catkin_skip_building_tests': False, 'cmake_args': None, 'cmake_clean_cache': False, 'cmake_clean_first': False, 'cmake_force_configure': False, 'cmake_target': None, 'cmake_target_skip_unavailable': False, 'install_base': '/home/uc/ros2_humble_ws/src/navcancel/install/navcancel', 'merge_install': False, 'path': '/home/uc/ros2_humble_ws/src/navcancel', 'symlink_install': False, 'test_result_base': None}
[0.412s] INFO:colcon.colcon_core.executor:Executing jobs using 'parallel' executor
[0.415s] DEBUG:colcon.colcon_parallel_executor.executor.parallel:run_until_complete
[0.416s] INFO:colcon.colcon_ros.task.ament_cmake.build:Building ROS package in '/home/uc/ros2_humble_ws/src/navcancel' with build type 'ament_cmake'
[0.416s] INFO:colcon.colcon_cmake.task.cmake.build:Building CMake package in '/home/uc/ros2_humble_ws/src/navcancel'
[0.421s] INFO:colcon.colcon_core.plugin_system:Skipping extension 'colcon_core.shell.bat': Not used on non-Windows systems
[0.422s] INFO:colcon.colcon_core.shell:Skip shell extension 'powershell' for command environment: Not usable outside of PowerShell
[0.422s] DEBUG:colcon.colcon_core.shell:Skip shell extension 'dsv' for command environment
[0.434s] DEBUG:colcon.colcon_core.event_handler.log_command:Invoking command in '/home/uc/ros2_humble_ws/src/navcancel/build/navcancel': CMAKE_PREFIX_PATH=/opt/ros/humble /usr/bin/cmake /home/uc/ros2_humble_ws/src/navcancel -DCMAKE_INSTALL_PREFIX=/home/uc/ros2_humble_ws/src/navcancel/install/navcancel
[2.122s] DEBUG:colcon.colcon_core.event_handler.log_command:Invoked command in '/home/uc/ros2_humble_ws/src/navcancel/build/navcancel' returned '1': CMAKE_PREFIX_PATH=/opt/ros/humble /usr/bin/cmake /home/uc/ros2_humble_ws/src/navcancel -DCMAKE_INSTALL_PREFIX=/home/uc/ros2_humble_ws/src/navcancel/install/navcancel
[2.136s] Level 1:colcon.colcon_core.environment:create_environment_scripts_only(navcancel)
[2.140s] Level 1:colcon.colcon_core.environment:checking '/home/uc/ros2_humble_ws/src/navcancel/install/navcancel' for CMake module files
[2.141s] Level 1:colcon.colcon_core.environment:checking '/home/uc/ros2_humble_ws/src/navcancel/install/navcancel' for CMake config files
[2.141s] Level 1:colcon.colcon_core.environment:checking '/home/uc/ros2_humble_ws/src/navcancel/install/navcancel/bin'
[2.141s] Level 1:colcon.colcon_core.environment:checking '/home/uc/ros2_humble_ws/src/navcancel/install/navcancel/lib/pkgconfig/navcancel.pc'
[2.141s] Level 1:colcon.colcon_core.environment:checking '/home/uc/ros2_humble_ws/src/navcancel/install/navcancel/lib/python3.10/site-packages'
[2.141s] Level 1:colcon.colcon_core.environment:checking '/home/uc/ros2_humble_ws/src/navcancel/install/navcancel/bin'
[2.143s] INFO:colcon.colcon_core.shell:Creating package script '/home/uc/ros2_humble_ws/src/navcancel/install/navcancel/share/navcancel/package.ps1'
[2.143s] INFO:colcon.colcon_core.shell:Creating package descriptor '/home/uc/ros2_humble_ws/src/navcancel/install/navcancel/share/navcancel/package.dsv'
[2.144s] INFO:colcon.colcon_core.shell:Creating package script '/home/uc/ros2_humble_ws/src/navcancel/install/navcancel/share/navcancel/package.sh'
[2.144s] INFO:colcon.colcon_core.shell:Creating package script '/home/uc/ros2_humble_ws/src/navcancel/install/navcancel/share/navcancel/package.bash'
[2.145s] INFO:colcon.colcon_core.shell:Creating package script '/home/uc/ros2_humble_ws/src/navcancel/install/navcancel/share/navcancel/package.zsh'
[2.145s] Level 1:colcon.colcon_core.environment:create_file_with_runtime_dependencies(/home/uc/ros2_humble_ws/src/navcancel/install/navcancel/share/colcon-core/packages/navcancel)
[2.156s] DEBUG:colcon.colcon_parallel_executor.executor.parallel:closing loop
[2.156s] DEBUG:colcon.colcon_parallel_executor.executor.parallel:loop closed
[2.156s] DEBUG:colcon.colcon_parallel_executor.executor.parallel:run_until_complete finished with '1'
[2.156s] DEBUG:colcon.colcon_core.event_reactor:joining thread
[2.162s] INFO:colcon.colcon_core.plugin_system:Skipping extension 'colcon_notification.desktop_notification.terminal_notifier': Not used on non-Darwin systems
[2.162s] INFO:colcon.colcon_core.plugin_system:Skipping extension 'colcon_notification.desktop_notification.win32': Not used on non-Windows systems
[2.162s] INFO:colcon.colcon_notification.desktop_notification:Sending desktop notification using 'notify2'
[2.179s] DEBUG:colcon.colcon_core.event_reactor:joined thread
[2.181s] INFO:colcon.colcon_core.shell:Creating prefix script '/home/uc/ros2_humble_ws/src/navcancel/install/local_setup.ps1'
[2.182s] INFO:colcon.colcon_core.shell:Creating prefix util module '/home/uc/ros2_humble_ws/src/navcancel/install/_local_setup_util_ps1.py'
[2.183s] INFO:colcon.colcon_core.shell:Creating prefix chain script '/home/uc/ros2_humble_ws/src/navcancel/install/setup.ps1'
[2.184s] INFO:colcon.colcon_core.shell:Creating prefix script '/home/uc/ros2_humble_ws/src/navcancel/install/local_setup.sh'
[2.185s] INFO:colcon.colcon_core.shell:Creating prefix util module '/home/uc/ros2_humble_ws/src/navcancel/install/_local_setup_util_sh.py'
[2.185s] INFO:colcon.colcon_core.shell:Creating prefix chain script '/home/uc/ros2_humble_ws/src/navcancel/install/setup.sh'
[2.187s] INFO:colcon.colcon_core.shell:Creating prefix script '/home/uc/ros2_humble_ws/src/navcancel/install/local_setup.bash'
[2.188s] INFO:colcon.colcon_core.shell:Creating prefix chain script '/home/uc/ros2_humble_ws/src/navcancel/install/setup.bash'
[2.189s] INFO:colcon.colcon_core.shell:Creating prefix script '/home/uc/ros2_humble_ws/src/navcancel/install/local_setup.zsh'
[2.189s] INFO:colcon.colcon_core.shell:Creating prefix chain script '/home/uc/ros2_humble_ws/src/navcancel/install/setup.zsh'
