[0.279s] DEBUG:colcon:Command line arguments: ['/usr/bin/colcon', 'build', '--packages-select', 'navcancel']
[0.279s] DEBUG:colcon:Parsed command line arguments: Namespace(log_base=None, log_level=None, verb_name='build', build_base='build', install_base='install', merge_install=False, symlink_install=False, test_result_base=None, continue_on_error=False, executor='parallel', parallel_workers=4, event_handlers=None, ignore_user_meta=False, metas=['./colcon.meta'], base_paths=['.'], packages_ignore=None, packages_ignore_regex=None, paths=None, packages_up_to=None, packages_up_to_regex=None, packages_above=None, packages_above_and_dependencies=None, packages_above_depth=None, packages_select_by_dep=None, packages_skip_by_dep=None, packages_skip_up_to=None, packages_select_build_failed=False, packages_skip_build_finished=False, packages_select_test_failures=False, packages_skip_test_passed=False, packages_select=['navcancel'], packages_skip=None, packages_select_regex=None, packages_skip_regex=None, packages_start=None, packages_end=None, allow_overriding=[], cmake_args=None, cmake_target=None, cmake_target_skip_unavailable=False, cmake_clean_cache=False, cmake_clean_first=False, cmake_force_configure=False, ament_cmake_args=None, catkin_cmake_args=None, catkin_skip_building_tests=False, verb_parser=<colcon_defaults.argument_parser.defaults.DefaultArgumentsDecorator object at 0x7f973c0f0550>, verb_extension=<colcon_core.verb.build.BuildVerb object at 0x7f973c0169e0>, main=<bound method BuildVerb.main of <colcon_core.verb.build.BuildVerb object at 0x7f973c0169e0>>)
[0.317s] Level 1:colcon.colcon_core.package_discovery:discover_packages(colcon_meta) check parameters
[0.317s] Level 1:colcon.colcon_core.package_discovery:discover_packages(recursive) check parameters
[0.317s] Level 1:colcon.colcon_core.package_discovery:discover_packages(ignore) check parameters
[0.317s] Level 1:colcon.colcon_core.package_discovery:discover_packages(path) check parameters
[0.317s] Level 1:colcon.colcon_core.package_discovery:discover_packages(colcon_meta) discover
[0.317s] Level 1:colcon.colcon_core.package_discovery:discover_packages(recursive) discover
[0.318s] INFO:colcon.colcon_core.package_discovery:Crawling recursively for packages in '/home/uc/ros2_humble_ws/src/navcancel'
[0.318s] Level 1:colcon.colcon_core.package_identification:_identify(.) by extensions ['ignore', 'ignore_ament_install']
[0.318s] Level 1:colcon.colcon_core.package_identification:_identify(.) by extension 'ignore'
[0.318s] Level 1:colcon.colcon_core.package_identification:_identify(.) by extension 'ignore_ament_install'
[0.318s] Level 1:colcon.colcon_core.package_identification:_identify(.) by extensions ['colcon_pkg']
[0.318s] Level 1:colcon.colcon_core.package_identification:_identify(.) by extension 'colcon_pkg'
[0.318s] Level 1:colcon.colcon_core.package_identification:_identify(.) by extensions ['colcon_meta']
[0.318s] Level 1:colcon.colcon_core.package_identification:_identify(.) by extension 'colcon_meta'
[0.318s] Level 1:colcon.colcon_core.package_identification:_identify(.) by extensions ['ros']
[0.318s] Level 1:colcon.colcon_core.package_identification:_identify(.) by extension 'ros'
[0.332s] DEBUG:colcon.colcon_core.package_identification:Package '.' with type 'ros.ament_cmake' and name 'navcancel'
[0.332s] Level 1:colcon.colcon_core.package_discovery:discover_packages(recursive) using defaults
[0.332s] Level 1:colcon.colcon_core.package_discovery:discover_packages(ignore) discover
[0.332s] Level 1:colcon.colcon_core.package_discovery:discover_packages(ignore) using defaults
[0.332s] Level 1:colcon.colcon_core.package_discovery:discover_packages(path) discover
[0.332s] Level 1:colcon.colcon_core.package_discovery:discover_packages(path) using defaults
[0.356s] Level 1:colcon.colcon_core.package_discovery:discover_packages(prefix_path) check parameters
[0.356s] Level 1:colcon.colcon_core.package_discovery:discover_packages(prefix_path) discover
[0.359s] DEBUG:colcon.colcon_installed_package_information.package_discovery:Found 0 installed packages in /home/uc/ros2_humble_ws/install
[0.360s] DEBUG:colcon.colcon_installed_package_information.package_discovery:Found 323 installed packages in /opt/ros/humble
[0.362s] Level 1:colcon.colcon_core.package_discovery:discover_packages(prefix_path) using defaults
[0.421s] Level 5:colcon.colcon_core.verb:set package 'navcancel' build argument 'cmake_args' from command line to 'None'
[0.421s] Level 5:colcon.colcon_core.verb:set package 'navcancel' build argument 'cmake_target' from command line to 'None'
[0.421s] Level 5:colcon.colcon_core.verb:set package 'navcancel' build argument 'cmake_target_skip_unavailable' from command line to 'False'
[0.421s] Level 5:colcon.colcon_core.verb:set package 'navcancel' build argument 'cmake_clean_cache' from command line to 'False'
[0.421s] Level 5:colcon.colcon_core.verb:set package 'navcancel' build argument 'cmake_clean_first' from command line to 'False'
[0.421s] Level 5:colcon.colcon_core.verb:set package 'navcancel' build argument 'cmake_force_configure' from command line to 'False'
[0.421s] Level 5:colcon.colcon_core.verb:set package 'navcancel' build argument 'ament_cmake_args' from command line to 'None'
[0.421s] Level 5:colcon.colcon_core.verb:set package 'navcancel' build argument 'catkin_cmake_args' from command line to 'None'
[0.421s] Level 5:colcon.colcon_core.verb:set package 'navcancel' build argument 'catkin_skip_building_tests' from command line to 'False'
[0.421s] DEBUG:colcon.colcon_core.verb:Building package 'navcancel' with the following arguments: {'ament_cmake_args': None, 'build_base': '/home/uc/ros2_humble_ws/src/navcancel/build/navcancel', 'catkin_cmake_args': None, 'catkin_skip_building_tests': False, 'cmake_args': None, 'cmake_clean_cache': False, 'cmake_clean_first': False, 'cmake_force_configure': False, 'cmake_target': None, 'cmake_target_skip_unavailable': False, 'install_base': '/home/uc/ros2_humble_ws/src/navcancel/install/navcancel', 'merge_install': False, 'path': '/home/uc/ros2_humble_ws/src/navcancel', 'symlink_install': False, 'test_result_base': None}
[0.422s] INFO:colcon.colcon_core.executor:Executing jobs using 'parallel' executor
[0.425s] DEBUG:colcon.colcon_parallel_executor.executor.parallel:run_until_complete
[0.426s] INFO:colcon.colcon_ros.task.ament_cmake.build:Building ROS package in '/home/uc/ros2_humble_ws/src/navcancel' with build type 'ament_cmake'
[0.426s] INFO:colcon.colcon_cmake.task.cmake.build:Building CMake package in '/home/uc/ros2_humble_ws/src/navcancel'
[0.431s] INFO:colcon.colcon_core.plugin_system:Skipping extension 'colcon_core.shell.bat': Not used on non-Windows systems
[0.431s] INFO:colcon.colcon_core.shell:Skip shell extension 'powershell' for command environment: Not usable outside of PowerShell
[0.431s] DEBUG:colcon.colcon_core.shell:Skip shell extension 'dsv' for command environment
[0.448s] DEBUG:colcon.colcon_core.event_handler.log_command:Invoking command in '/home/uc/ros2_humble_ws/src/navcancel/build/navcancel': CMAKE_PREFIX_PATH=/opt/ros/humble /usr/bin/cmake --build /home/uc/ros2_humble_ws/src/navcancel/build/navcancel -- -j4 -l4
[3.811s] DEBUG:colcon.colcon_core.event_handler.log_command:Invoked command in '/home/uc/ros2_humble_ws/src/navcancel/build/navcancel' returned '2': CMAKE_PREFIX_PATH=/opt/ros/humble /usr/bin/cmake --build /home/uc/ros2_humble_ws/src/navcancel/build/navcancel -- -j4 -l4
[3.856s] Level 1:colcon.colcon_core.environment:create_environment_scripts_only(navcancel)
[3.861s] Level 1:colcon.colcon_core.environment:checking '/home/uc/ros2_humble_ws/src/navcancel/install/navcancel' for CMake module files
[3.862s] Level 1:colcon.colcon_core.environment:checking '/home/uc/ros2_humble_ws/src/navcancel/install/navcancel' for CMake config files
[3.862s] Level 1:colcon.colcon_core.environment:checking '/home/uc/ros2_humble_ws/src/navcancel/install/navcancel/bin'
[3.862s] Level 1:colcon.colcon_core.environment:checking '/home/uc/ros2_humble_ws/src/navcancel/install/navcancel/lib/pkgconfig/navcancel.pc'
[3.862s] Level 1:colcon.colcon_core.environment:checking '/home/uc/ros2_humble_ws/src/navcancel/install/navcancel/lib/python3.10/site-packages'
[3.863s] Level 1:colcon.colcon_core.environment:checking '/home/uc/ros2_humble_ws/src/navcancel/install/navcancel/bin'
[3.864s] INFO:colcon.colcon_core.shell:Creating package script '/home/uc/ros2_humble_ws/src/navcancel/install/navcancel/share/navcancel/package.ps1'
[3.865s] INFO:colcon.colcon_core.shell:Creating package descriptor '/home/uc/ros2_humble_ws/src/navcancel/install/navcancel/share/navcancel/package.dsv'
[3.866s] INFO:colcon.colcon_core.shell:Creating package script '/home/uc/ros2_humble_ws/src/navcancel/install/navcancel/share/navcancel/package.sh'
[3.867s] INFO:colcon.colcon_core.shell:Creating package script '/home/uc/ros2_humble_ws/src/navcancel/install/navcancel/share/navcancel/package.bash'
[3.868s] INFO:colcon.colcon_core.shell:Creating package script '/home/uc/ros2_humble_ws/src/navcancel/install/navcancel/share/navcancel/package.zsh'
[3.870s] Level 1:colcon.colcon_core.environment:create_file_with_runtime_dependencies(/home/uc/ros2_humble_ws/src/navcancel/install/navcancel/share/colcon-core/packages/navcancel)
[3.881s] DEBUG:colcon.colcon_parallel_executor.executor.parallel:closing loop
[3.882s] DEBUG:colcon.colcon_parallel_executor.executor.parallel:loop closed
[3.882s] DEBUG:colcon.colcon_parallel_executor.executor.parallel:run_until_complete finished with '2'
[3.882s] DEBUG:colcon.colcon_core.event_reactor:joining thread
[3.888s] INFO:colcon.colcon_core.plugin_system:Skipping extension 'colcon_notification.desktop_notification.terminal_notifier': Not used on non-Darwin systems
[3.888s] INFO:colcon.colcon_core.plugin_system:Skipping extension 'colcon_notification.desktop_notification.win32': Not used on non-Windows systems
[3.888s] INFO:colcon.colcon_notification.desktop_notification:Sending desktop notification using 'notify2'
[3.910s] DEBUG:colcon.colcon_core.event_reactor:joined thread
[3.912s] INFO:colcon.colcon_core.shell:Creating prefix script '/home/uc/ros2_humble_ws/src/navcancel/install/local_setup.ps1'
[3.913s] INFO:colcon.colcon_core.shell:Creating prefix util module '/home/uc/ros2_humble_ws/src/navcancel/install/_local_setup_util_ps1.py'
[3.914s] INFO:colcon.colcon_core.shell:Creating prefix chain script '/home/uc/ros2_humble_ws/src/navcancel/install/setup.ps1'
[3.917s] INFO:colcon.colcon_core.shell:Creating prefix script '/home/uc/ros2_humble_ws/src/navcancel/install/local_setup.sh'
[3.918s] INFO:colcon.colcon_core.shell:Creating prefix util module '/home/uc/ros2_humble_ws/src/navcancel/install/_local_setup_util_sh.py'
[3.919s] INFO:colcon.colcon_core.shell:Creating prefix chain script '/home/uc/ros2_humble_ws/src/navcancel/install/setup.sh'
[3.921s] INFO:colcon.colcon_core.shell:Creating prefix script '/home/uc/ros2_humble_ws/src/navcancel/install/local_setup.bash'
[3.923s] INFO:colcon.colcon_core.shell:Creating prefix chain script '/home/uc/ros2_humble_ws/src/navcancel/install/setup.bash'
[3.925s] INFO:colcon.colcon_core.shell:Creating prefix script '/home/uc/ros2_humble_ws/src/navcancel/install/local_setup.zsh'
[3.926s] INFO:colcon.colcon_core.shell:Creating prefix chain script '/home/uc/ros2_humble_ws/src/navcancel/install/setup.zsh'
