[0.379s] DEBUG:colcon:Command line arguments: ['/usr/bin/colcon', 'build', '--packages-select', 'navcancel']
[0.379s] DEBUG:colcon:Parsed command line arguments: Namespace(log_base=None, log_level=None, verb_name='build', build_base='build', install_base='install', merge_install=False, symlink_install=False, test_result_base=None, continue_on_error=False, executor='parallel', parallel_workers=4, event_handlers=None, ignore_user_meta=False, metas=['./colcon.meta'], base_paths=['.'], packages_ignore=None, packages_ignore_regex=None, paths=None, packages_up_to=None, packages_up_to_regex=None, packages_above=None, packages_above_and_dependencies=None, packages_above_depth=None, packages_select_by_dep=None, packages_skip_by_dep=None, packages_skip_up_to=None, packages_select_build_failed=False, packages_skip_build_finished=False, packages_select_test_failures=False, packages_skip_test_passed=False, packages_select=['navcancel'], packages_skip=None, packages_select_regex=None, packages_skip_regex=None, packages_start=None, packages_end=None, allow_overriding=[], cmake_args=None, cmake_target=None, cmake_target_skip_unavailable=False, cmake_clean_cache=False, cmake_clean_first=False, cmake_force_configure=False, ament_cmake_args=None, catkin_cmake_args=None, catkin_skip_building_tests=False, verb_parser=<colcon_defaults.argument_parser.defaults.DefaultArgumentsDecorator object at 0x7f90419e0550>, verb_extension=<colcon_core.verb.build.BuildVerb object at 0x7f90419069e0>, main=<bound method BuildVerb.main of <colcon_core.verb.build.BuildVerb object at 0x7f90419069e0>>)
[0.426s] Level 1:colcon.colcon_core.package_discovery:discover_packages(colcon_meta) check parameters
[0.426s] Level 1:colcon.colcon_core.package_discovery:discover_packages(recursive) check parameters
[0.426s] Level 1:colcon.colcon_core.package_discovery:discover_packages(ignore) check parameters
[0.426s] Level 1:colcon.colcon_core.package_discovery:discover_packages(path) check parameters
[0.426s] Level 1:colcon.colcon_core.package_discovery:discover_packages(colcon_meta) discover
[0.426s] Level 1:colcon.colcon_core.package_discovery:discover_packages(recursive) discover
[0.427s] INFO:colcon.colcon_core.package_discovery:Crawling recursively for packages in '/home/uc/ros2_humble_ws/src/navcancel'
[0.427s] Level 1:colcon.colcon_core.package_identification:_identify(.) by extensions ['ignore', 'ignore_ament_install']
[0.427s] Level 1:colcon.colcon_core.package_identification:_identify(.) by extension 'ignore'
[0.427s] Level 1:colcon.colcon_core.package_identification:_identify(.) by extension 'ignore_ament_install'
[0.427s] Level 1:colcon.colcon_core.package_identification:_identify(.) by extensions ['colcon_pkg']
[0.427s] Level 1:colcon.colcon_core.package_identification:_identify(.) by extension 'colcon_pkg'
[0.427s] Level 1:colcon.colcon_core.package_identification:_identify(.) by extensions ['colcon_meta']
[0.427s] Level 1:colcon.colcon_core.package_identification:_identify(.) by extension 'colcon_meta'
[0.427s] Level 1:colcon.colcon_core.package_identification:_identify(.) by extensions ['ros']
[0.427s] Level 1:colcon.colcon_core.package_identification:_identify(.) by extension 'ros'
[0.443s] DEBUG:colcon.colcon_core.package_identification:Package '.' with type 'ros.ament_cmake' and name 'navcancel'
[0.443s] Level 1:colcon.colcon_core.package_discovery:discover_packages(recursive) using defaults
[0.444s] Level 1:colcon.colcon_core.package_discovery:discover_packages(ignore) discover
[0.444s] Level 1:colcon.colcon_core.package_discovery:discover_packages(ignore) using defaults
[0.444s] Level 1:colcon.colcon_core.package_discovery:discover_packages(path) discover
[0.444s] Level 1:colcon.colcon_core.package_discovery:discover_packages(path) using defaults
[0.473s] Level 1:colcon.colcon_core.package_discovery:discover_packages(prefix_path) check parameters
[0.473s] Level 1:colcon.colcon_core.package_discovery:discover_packages(prefix_path) discover
[0.476s] DEBUG:colcon.colcon_installed_package_information.package_discovery:Found 1 installed packages in /home/uc/ros2_humble_ws/src/navcancel/install
[0.478s] DEBUG:colcon.colcon_installed_package_information.package_discovery:Found 323 installed packages in /opt/ros/humble
[0.479s] Level 1:colcon.colcon_core.package_discovery:discover_packages(prefix_path) using defaults
[0.544s] Level 5:colcon.colcon_core.verb:set package 'navcancel' build argument 'cmake_args' from command line to 'None'
[0.544s] Level 5:colcon.colcon_core.verb:set package 'navcancel' build argument 'cmake_target' from command line to 'None'
[0.544s] Level 5:colcon.colcon_core.verb:set package 'navcancel' build argument 'cmake_target_skip_unavailable' from command line to 'False'
[0.545s] Level 5:colcon.colcon_core.verb:set package 'navcancel' build argument 'cmake_clean_cache' from command line to 'False'
[0.545s] Level 5:colcon.colcon_core.verb:set package 'navcancel' build argument 'cmake_clean_first' from command line to 'False'
[0.545s] Level 5:colcon.colcon_core.verb:set package 'navcancel' build argument 'cmake_force_configure' from command line to 'False'
[0.545s] Level 5:colcon.colcon_core.verb:set package 'navcancel' build argument 'ament_cmake_args' from command line to 'None'
[0.545s] Level 5:colcon.colcon_core.verb:set package 'navcancel' build argument 'catkin_cmake_args' from command line to 'None'
[0.545s] Level 5:colcon.colcon_core.verb:set package 'navcancel' build argument 'catkin_skip_building_tests' from command line to 'False'
[0.545s] DEBUG:colcon.colcon_core.verb:Building package 'navcancel' with the following arguments: {'ament_cmake_args': None, 'build_base': '/home/uc/ros2_humble_ws/src/navcancel/build/navcancel', 'catkin_cmake_args': None, 'catkin_skip_building_tests': False, 'cmake_args': None, 'cmake_clean_cache': False, 'cmake_clean_first': False, 'cmake_force_configure': False, 'cmake_target': None, 'cmake_target_skip_unavailable': False, 'install_base': '/home/uc/ros2_humble_ws/src/navcancel/install/navcancel', 'merge_install': False, 'path': '/home/uc/ros2_humble_ws/src/navcancel', 'symlink_install': False, 'test_result_base': None}
[0.546s] INFO:colcon.colcon_core.executor:Executing jobs using 'parallel' executor
[0.550s] DEBUG:colcon.colcon_parallel_executor.executor.parallel:run_until_complete
[0.550s] INFO:colcon.colcon_ros.task.ament_cmake.build:Building ROS package in '/home/uc/ros2_humble_ws/src/navcancel' with build type 'ament_cmake'
[0.551s] INFO:colcon.colcon_cmake.task.cmake.build:Building CMake package in '/home/uc/ros2_humble_ws/src/navcancel'
[0.559s] INFO:colcon.colcon_core.plugin_system:Skipping extension 'colcon_core.shell.bat': Not used on non-Windows systems
[0.559s] INFO:colcon.colcon_core.shell:Skip shell extension 'powershell' for command environment: Not usable outside of PowerShell
[0.559s] DEBUG:colcon.colcon_core.shell:Skip shell extension 'dsv' for command environment
[0.581s] DEBUG:colcon.colcon_core.event_handler.log_command:Invoking command in '/home/uc/ros2_humble_ws/src/navcancel/build/navcancel': CMAKE_PREFIX_PATH=${CMAKE_PREFIX_PATH}:/opt/ros/humble /usr/bin/cmake --build /home/uc/ros2_humble_ws/src/navcancel/build/navcancel -- -j4 -l4
[10.654s] DEBUG:colcon.colcon_core.event_handler.log_command:Invoked command in '/home/uc/ros2_humble_ws/src/navcancel/build/navcancel' returned '0': CMAKE_PREFIX_PATH=${CMAKE_PREFIX_PATH}:/opt/ros/humble /usr/bin/cmake --build /home/uc/ros2_humble_ws/src/navcancel/build/navcancel -- -j4 -l4
[10.736s] DEBUG:colcon.colcon_core.event_handler.log_command:Invoking command in '/home/uc/ros2_humble_ws/src/navcancel/build/navcancel': CMAKE_PREFIX_PATH=${CMAKE_PREFIX_PATH}:/opt/ros/humble /usr/bin/cmake --install /home/uc/ros2_humble_ws/src/navcancel/build/navcancel
[10.764s] Level 1:colcon.colcon_core.environment:create_environment_scripts_only(navcancel)
[10.765s] DEBUG:colcon.colcon_core.event_handler.log_command:Invoked command in '/home/uc/ros2_humble_ws/src/navcancel/build/navcancel' returned '0': CMAKE_PREFIX_PATH=${CMAKE_PREFIX_PATH}:/opt/ros/humble /usr/bin/cmake --install /home/uc/ros2_humble_ws/src/navcancel/build/navcancel
[10.771s] Level 1:colcon.colcon_core.environment:checking '/home/uc/ros2_humble_ws/src/navcancel/install/navcancel' for CMake module files
[10.771s] Level 1:colcon.colcon_core.environment:checking '/home/uc/ros2_humble_ws/src/navcancel/install/navcancel' for CMake config files
[10.772s] Level 1:colcon.colcon_core.shell:create_environment_hook('navcancel', 'cmake_prefix_path')
[10.773s] INFO:colcon.colcon_core.shell:Creating environment hook '/home/uc/ros2_humble_ws/src/navcancel/install/navcancel/share/navcancel/hook/cmake_prefix_path.ps1'
[10.774s] INFO:colcon.colcon_core.shell:Creating environment descriptor '/home/uc/ros2_humble_ws/src/navcancel/install/navcancel/share/navcancel/hook/cmake_prefix_path.dsv'
[10.775s] INFO:colcon.colcon_core.shell:Creating environment hook '/home/uc/ros2_humble_ws/src/navcancel/install/navcancel/share/navcancel/hook/cmake_prefix_path.sh'
[10.778s] Level 1:colcon.colcon_core.environment:checking '/home/uc/ros2_humble_ws/src/navcancel/install/navcancel/lib'
[10.779s] Level 1:colcon.colcon_core.environment:checking '/home/uc/ros2_humble_ws/src/navcancel/install/navcancel/bin'
[10.779s] Level 1:colcon.colcon_core.environment:checking '/home/uc/ros2_humble_ws/src/navcancel/install/navcancel/lib/pkgconfig/navcancel.pc'
[10.779s] Level 1:colcon.colcon_core.environment:checking '/home/uc/ros2_humble_ws/src/navcancel/install/navcancel/lib/python3.10/site-packages'
[10.779s] Level 1:colcon.colcon_core.environment:checking '/home/uc/ros2_humble_ws/src/navcancel/install/navcancel/bin'
[10.781s] INFO:colcon.colcon_core.shell:Creating package script '/home/uc/ros2_humble_ws/src/navcancel/install/navcancel/share/navcancel/package.ps1'
[10.782s] INFO:colcon.colcon_core.shell:Creating package descriptor '/home/uc/ros2_humble_ws/src/navcancel/install/navcancel/share/navcancel/package.dsv'
[10.783s] INFO:colcon.colcon_core.shell:Creating package script '/home/uc/ros2_humble_ws/src/navcancel/install/navcancel/share/navcancel/package.sh'
[10.784s] INFO:colcon.colcon_core.shell:Creating package script '/home/uc/ros2_humble_ws/src/navcancel/install/navcancel/share/navcancel/package.bash'
[10.786s] INFO:colcon.colcon_core.shell:Creating package script '/home/uc/ros2_humble_ws/src/navcancel/install/navcancel/share/navcancel/package.zsh'
[10.788s] Level 1:colcon.colcon_core.environment:create_file_with_runtime_dependencies(/home/uc/ros2_humble_ws/src/navcancel/install/navcancel/share/colcon-core/packages/navcancel)
[10.844s] Level 1:colcon.colcon_core.environment:create_environment_scripts_only(navcancel)
[10.846s] Level 1:colcon.colcon_core.environment:checking '/home/uc/ros2_humble_ws/src/navcancel/install/navcancel' for CMake module files
[10.847s] Level 1:colcon.colcon_core.environment:checking '/home/uc/ros2_humble_ws/src/navcancel/install/navcancel' for CMake config files
[10.847s] Level 1:colcon.colcon_core.shell:create_environment_hook('navcancel', 'cmake_prefix_path')
[10.849s] INFO:colcon.colcon_core.shell:Creating environment hook '/home/uc/ros2_humble_ws/src/navcancel/install/navcancel/share/navcancel/hook/cmake_prefix_path.ps1'
[10.851s] INFO:colcon.colcon_core.shell:Creating environment descriptor '/home/uc/ros2_humble_ws/src/navcancel/install/navcancel/share/navcancel/hook/cmake_prefix_path.dsv'
[10.852s] INFO:colcon.colcon_core.shell:Creating environment hook '/home/uc/ros2_humble_ws/src/navcancel/install/navcancel/share/navcancel/hook/cmake_prefix_path.sh'
[10.853s] Level 1:colcon.colcon_core.environment:checking '/home/uc/ros2_humble_ws/src/navcancel/install/navcancel/lib'
[10.853s] Level 1:colcon.colcon_core.environment:checking '/home/uc/ros2_humble_ws/src/navcancel/install/navcancel/bin'
[10.853s] Level 1:colcon.colcon_core.environment:checking '/home/uc/ros2_humble_ws/src/navcancel/install/navcancel/lib/pkgconfig/navcancel.pc'
[10.854s] Level 1:colcon.colcon_core.environment:checking '/home/uc/ros2_humble_ws/src/navcancel/install/navcancel/lib/python3.10/site-packages'
[10.854s] Level 1:colcon.colcon_core.environment:checking '/home/uc/ros2_humble_ws/src/navcancel/install/navcancel/bin'
[10.855s] INFO:colcon.colcon_core.shell:Creating package script '/home/uc/ros2_humble_ws/src/navcancel/install/navcancel/share/navcancel/package.ps1'
[10.856s] INFO:colcon.colcon_core.shell:Creating package descriptor '/home/uc/ros2_humble_ws/src/navcancel/install/navcancel/share/navcancel/package.dsv'
[10.856s] INFO:colcon.colcon_core.shell:Creating package script '/home/uc/ros2_humble_ws/src/navcancel/install/navcancel/share/navcancel/package.sh'
[10.857s] INFO:colcon.colcon_core.shell:Creating package script '/home/uc/ros2_humble_ws/src/navcancel/install/navcancel/share/navcancel/package.bash'
[10.858s] INFO:colcon.colcon_core.shell:Creating package script '/home/uc/ros2_humble_ws/src/navcancel/install/navcancel/share/navcancel/package.zsh'
[10.860s] Level 1:colcon.colcon_core.environment:create_file_with_runtime_dependencies(/home/uc/ros2_humble_ws/src/navcancel/install/navcancel/share/colcon-core/packages/navcancel)
[10.860s] DEBUG:colcon.colcon_parallel_executor.executor.parallel:closing loop
[10.862s] DEBUG:colcon.colcon_parallel_executor.executor.parallel:loop closed
[10.862s] DEBUG:colcon.colcon_parallel_executor.executor.parallel:run_until_complete finished with '0'
[10.862s] DEBUG:colcon.colcon_core.event_reactor:joining thread
[10.870s] INFO:colcon.colcon_core.plugin_system:Skipping extension 'colcon_notification.desktop_notification.terminal_notifier': Not used on non-Darwin systems
[10.870s] INFO:colcon.colcon_core.plugin_system:Skipping extension 'colcon_notification.desktop_notification.win32': Not used on non-Windows systems
[10.871s] INFO:colcon.colcon_notification.desktop_notification:Sending desktop notification using 'notify2'
[10.901s] DEBUG:colcon.colcon_core.event_reactor:joined thread
[10.903s] INFO:colcon.colcon_core.shell:Creating prefix script '/home/uc/ros2_humble_ws/src/navcancel/install/local_setup.ps1'
[10.904s] INFO:colcon.colcon_core.shell:Creating prefix util module '/home/uc/ros2_humble_ws/src/navcancel/install/_local_setup_util_ps1.py'
[10.907s] INFO:colcon.colcon_core.shell:Creating prefix chain script '/home/uc/ros2_humble_ws/src/navcancel/install/setup.ps1'
[10.909s] INFO:colcon.colcon_core.shell:Creating prefix script '/home/uc/ros2_humble_ws/src/navcancel/install/local_setup.sh'
[10.910s] INFO:colcon.colcon_core.shell:Creating prefix util module '/home/uc/ros2_humble_ws/src/navcancel/install/_local_setup_util_sh.py'
[10.911s] INFO:colcon.colcon_core.shell:Creating prefix chain script '/home/uc/ros2_humble_ws/src/navcancel/install/setup.sh'
[10.916s] INFO:colcon.colcon_core.shell:Creating prefix script '/home/uc/ros2_humble_ws/src/navcancel/install/local_setup.bash'
[10.918s] INFO:colcon.colcon_core.shell:Creating prefix chain script '/home/uc/ros2_humble_ws/src/navcancel/install/setup.bash'
[10.921s] INFO:colcon.colcon_core.shell:Creating prefix script '/home/uc/ros2_humble_ws/src/navcancel/install/local_setup.zsh'
[10.922s] INFO:colcon.colcon_core.shell:Creating prefix chain script '/home/uc/ros2_humble_ws/src/navcancel/install/setup.zsh'
