[0.025s] Invoking command in '/home/uc/ros2_humble_ws/src/navcancel/build/navcancel': CMAKE_PREFIX_PATH=${CMAKE_PREFIX_PATH}:/opt/ros/humble /usr/bin/cmake --build /home/uc/ros2_humble_ws/src/navcancel/build/navcancel -- -j4 -l4
[0.056s] -- Found ament_cmake: 1.3.5 (/opt/ros/humble/share/ament_cmake/cmake)
[0.280s] [31mCMake Error at CMakeLists.txt:5 (find_package):
[0.280s]   By not providing "Findros_interfaces.cmake" in CMAKE_MODULE_PATH this
[0.280s]   project has asked CMake to find a package configuration file provided by
[0.280s]   "ros_interfaces", but CMake did not find one.
[0.280s] 
[0.281s]   Could not find a package configuration file provided by "ros_interfaces"
[0.281s]   with any of the following names:
[0.281s] 
[0.281s]     ros_interfacesConfig.cmake
[0.281s]     ros_interfaces-config.cmake
[0.281s] 
[0.281s]   Add the installation prefix of "ros_interfaces" to CMAKE_PREFIX_PATH or set
[0.281s]   "ros_interfaces_DIR" to a directory containing one of the above files.  If
[0.281s]   "ros_interfaces" provides a separate development package or SDK, be sure it
[0.281s]   has been installed.
[0.281s] 
[0.281s] [0m
[0.281s] -- Configuring incomplete, errors occurred!
[0.281s] See also "/home/uc/ros2_humble_ws/src/navcancel/build/navcancel/CMakeFiles/CMakeOutput.log".
[0.284s] gmake: *** [Makefile:267: cmake_check_build_system] Error 1
[0.288s] Invoked command in '/home/uc/ros2_humble_ws/src/navcancel/build/navcancel' returned '2': CMAKE_PREFIX_PATH=${CMAKE_PREFIX_PATH}:/opt/ros/humble /usr/bin/cmake --build /home/uc/ros2_humble_ws/src/navcancel/build/navcancel -- -j4 -l4
